{
  "RSpec": {
    "coverage": {
      "/Users/riapatel/makers/week-6/AirBnb/app.rb": [
        1,
        1,
        1,
        1,
        1,
        null,
        1,
        1,
        null,
        1,
        1,
        null,
        null,
        1,
        7,
        null,
        null,
        1,
        7,
        7,
        5,
        5,
        5,
        5,
        5,
        5,
        null,
        2,
        null,
        null,
        null,
        1,
        2,
        null,
        null,
        1,
        3,
        3,
        null,
        null,
        1,
        9,
        9,
        9,
        null,
        null,
        1,
        4,
        4,
        null,
        null,
        1,
        1,
        null,
        null,
        1,
        1,
        1,
        1,
        1,
        null,
        null,
        1,
        1,
        1,
        1,
        null,
        null,
        1,
        0,
        0,
        0,
        0,
        null,
        null,
        1,
        3,
        null,
        null,
        1,
        null,
        null,
        1,
        1,
        null,
        null,
        null,
        null,
        null,
        1,
        null,
        null,
        1,
        null,
        1,
        1,
        1,
        1,
        1,
        1,
        1,
        1,
        null,
        null,
        1,
        1,
        1,
        1,
        null,
        null,
        1,
        0,
        null,
        null,
        1,
        1,
        1,
        null,
        null,
        1,
        1,
        null,
        null,
        1,
        0,
        null,
        null,
        1,
        0,
        0,
        0,
        0,
        0,
        0,
        0,
        null,
        null,
        1,
        0,
        null,
        null,
        1,
        0,
        null,
        null,
        1,
        null
      ],
      "/Users/riapatel/makers/week-6/AirBnb/lib/users.rb": [
        1,
        1,
        1,
        null,
        1,
        null,
        1,
        null,
        1,
        23,
        23,
        23,
        null,
        null,
        1,
        14,
        14,
        14,
        null,
        null,
        1,
        3,
        3,
        null,
        null,
        1,
        10,
        10,
        8,
        6,
        null,
        null
      ],
      "/Users/riapatel/makers/week-6/AirBnb/lib/database_connection.rb": [
        1,
        null,
        1,
        1,
        4,
        null,
        null,
        1,
        1,
        null,
        null,
        1,
        48,
        null,
        null
      ],
      "/Users/riapatel/makers/week-6/AirBnb/lib/space.rb": [
        1,
        null,
        1,
        1,
        null,
        1,
        21,
        21,
        21,
        21,
        21,
        21,
        null,
        null,
        1,
        3,
        3,
        null,
        null,
        1,
        5,
        5,
        8,
        null,
        null,
        null,
        1,
        10,
        10,
        null,
        null,
        null
      ],
      "/Users/bengittins/Projects/Makers/week_6/AirBnb/lib/booking.rb": [
        1,
        null,
        1,
        null,
        1,
        2,
        2,
        2,
        null,
        null,
        1,
        2,
        2,
        null,
        null
      ],
      "/Users/riapatel/makers/week-6/AirBnb/database_connection_setup.rb": [
        1,
        null,
        1,
        1,
        null,
        0,
        null
      ],
      "/Users/riapatel/makers/week-6/AirBnb/spec/database_connection_spec.rb": [
        1,
        null,
        1,
        1,
        1,
        1,
        1,
        null,
        null,
        1,
        1,
        1,
        null,
        null,
        null,
        1,
        1,
        1,
        1,
        1,
        null,
        null,
        null
      ],
      "/Users/riapatel/makers/week-6/AirBnb/spec/feature/app_spec.rb": [

      ],
      "/Users/riapatel/makers/week-6/AirBnb/spec/feature/listing_bookings_spec.rb": [
        null,
        null,
        null,
        null,
        null,
        null,
        null,
        null,
        null,
        null,
        null,
        null,
        null,
        null,
        null
      ],
      "/Users/riapatel/makers/week-6/AirBnb/spec/feature/listing_multiple_spaces_spec.rb": [
        1,
        1,
        1,
        1,
        1,
        1,
        1,
        1,
        1,
        1,
        1,
        1,
        1,
        1,
        1,
        1,
        1,
        1,
        1,
        1,
        1,
        1,
        1,
        1,
        1,
        1,
        1,
        1,
        null,
        null
      ],
      "/Users/riapatel/makers/week-6/AirBnb/spec/feature/listing_space_spec.rb": [
        1,
        1,
        1,
        1,
        1,
        1,
        1,
        1,
        1,
        1,
        1,
        1,
        1,
        1,
        1,
        1,
        1,
        null,
        null
      ],
      "/Users/riapatel/makers/week-6/AirBnb/spec/feature/login_spec.rb": [
        1,
        1,
        1,
        1,
        1,
        1,
        1,
        1,
        null,
        null,
        1,
        1,
        1,
        1,
        1,
        1,
        1,
        1,
        1,
        1,
        null,
        null,
        1,
        1,
        null,
        1,
        1,
        1,
        1,
        null,
        1,
        1,
        1,
        null,
        null,
        1,
        1,
        null,
        1,
        1,
        1,
        1,
        null,
        1,
        1,
        1,
        null,
        null
      ],

      "/Users/riapatel/makers/week-6/AirBnb/spec/feature/sign_up_spec.rb": [
        1,
        null,
        1,
        1,
        1,
        1,
        1,
        1,
        1,
        1,
        null,
        null
      ],
      "/Users/riapatel/makers/week-6/AirBnb/spec/unit/booking_spec.rb": [
        1,
        1,
        1,
        1,
        1,
        1,
        null,
        1,
        1,
        0,
        0,
        0,
        0,
        null,
        null,
        null
      ],
      "/Users/riapatel/makers/week-6/AirBnb/lib/booking.rb": [
        1,
        null,
        1,
        null,
        1,
        0,
        0,
        0,
        null,
        null,
        null,
        1,

        0,
        0,
        null,
        null
      ],
      "/Users/bengittins/Projects/Makers/week_6/AirBnb/spec/unit/booking_spec.rb": [
        1,
        1,
        1,
        1,
        1,
        null,
        null
      ],
      "/Users/bengittins/Projects/Makers/week_6/AirBnb/spec/feature/sign_up_spec.rb": [
        1,
        null,
        1,
        1,
        1,
        1,
        1,
        1,
        1,
        1,
        null,
        null
      ],
      "/Users/bengittins/Projects/Makers/week_6/AirBnb/spec/unit/booking_spec.rb": [
        1,
        1,
        1,
        1,
        1,
        1,
        null,
        1,
        1,
        1,
        1,
        1,
        1,
        null,
        null,
        null
      ],
      "/Users/student/Makers/AirBnb/spec/unit/space_spec.rb": [
        1,
        null,
        1,
        1,
        1,
        1,
        1,
        1,
        1,
        1,
        1,
        null,
        null,
        null,
        1,
        1,
        1,
        1,
        1,
        1,
        1,
        1,
        1,
        null,
        null,
        null,
        1,
        1,
        1,
        1,
        1,
        null,
        null,
        null,
        null
      ],
      "/Users/riapatel/makers/week-6/AirBnb/spec/unit/user_spec.rb": [
        1,
        null,
        1,
        1,
        1,
        1,
        1,
        1,
        1,
        null,
        null,
        null,
        null,
        null,
        null,
        null,
        null,
        1,
        1,
        1,
        1,
        1,
        1,
        null,
        null,
        null,
        1,
        1,
        1,
        1,
        null,
        1,
        null,
        null,
        1,
        1,
        null,
        1,
        null,
        null,
        1,
        1,
        null,
        1,
        null,
        null,
        null,
        null
      ]
    },
    "timestamp": 1580473918
  }
}
